# JRE version: Java(TM) SE Runtime Environment (8.0_131-b11) (build 1.8.0_131-b11)
# Java VM: Java HotSpot(TM) 64-Bit Server VM (25.131-b11 mixed mode windows-amd64 compressed oops)
Heap:
 PSYoungGen      total 144896K, used 28160K [0x00000000d6000000, 0x00000000e3a00000, 0x0000000100000000)
  eden space 131072K, 10% used [0x00000000d6000000,0x00000000d6e01110,0x00000000de000000)
  from space 13824K, 99% used [0x00000000de000000,0x00000000ded7f020,0x00000000ded80000)
  to   space 21504K, 0% used [0x00000000e2500000,0x00000000e2500000,0x00000000e3a00000)
 ParOldGen       total 71168K, used 32970K [0x0000000082000000, 0x0000000086580000, 0x00000000d6000000)
  object space 71168K, 46% used [0x0000000082000000,0x0000000084032910,0x0000000086580000)
 Metaspace       used 28400K, capacity 29142K, committed 29312K, reserved 1075200K
  class space    used 3340K, capacity 3591K, committed 3712K, reserved 1048576K
GC Heap History (10 events):
Event: 3.049 GC heap before
{Heap before GC invocations=6 (full 0):
 PSYoungGen      total 70656K, used 70648K [0x00000000d6000000, 0x00000000dfb00000, 0x0000000100000000)
  eden space 65536K, 100% used [0x00000000d6000000,0x00000000da000000,0x00000000da000000)
  from space 5120K, 99% used [0x00000000da000000,0x00000000da4fe010,0x00000000da500000)
  to   space 13824K, 0% used [0x00000000ded80000,0x00000000ded80000,0x00000000dfb00000)
 ParOldGen       total 86016K, used 17245K [0x0000000082000000, 0x0000000087400000, 0x00000000d6000000)
  object space 86016K, 20% used [0x0000000082000000,0x00000000830d7448,0x0000000087400000)
 Metaspace       used 18758K, capacity 19248K, committed 19584K, reserved 1067008K
  class space    used 2172K, capacity 2306K, committed 2432K, reserved 1048576K
Event: 3.058 GC heap after
Heap after GC invocations=6 (full 0):
 PSYoungGen      total 144896K, used 10153K [0x00000000d6000000, 0x00000000dfb00000, 0x0000000100000000)
  eden space 131072K, 0% used [0x00000000d6000000,0x00000000d6000000,0x00000000de000000)
  from space 13824K, 73% used [0x00000000ded80000,0x00000000df76a4e8,0x00000000dfb00000)
  to   space 13824K, 0% used [0x00000000de000000,0x00000000de000000,0x00000000ded80000)
 ParOldGen       total 86016K, used 17253K [0x0000000082000000, 0x0000000087400000, 0x00000000d6000000)
  object space 86016K, 20% used [0x0000000082000000,0x00000000830d9448,0x0000000087400000)
 Metaspace       used 18758K, capacity 19248K, committed 19584K, reserved 1067008K
  class space    used 2172K, capacity 2306K, committed 2432K, reserved 1048576K
}
Event: 3.136 GC heap before
{Heap before GC invocations=7 (full 0):
 PSYoungGen      total 144896K, used 20706K [0x00000000d6000000, 0x00000000dfb00000, 0x0000000100000000)
  eden space 131072K, 8% used [0x00000000d6000000,0x00000000d6a4e3c8,0x00000000de000000)
  from space 13824K, 73% used [0x00000000ded80000,0x00000000df76a4e8,0x00000000dfb00000)
  to   space 13824K, 0% used [0x00000000de000000,0x00000000de000000,0x00000000ded80000)
 ParOldGen       total 86016K, used 17253K [0x0000000082000000, 0x0000000087400000, 0x00000000d6000000)
  object space 86016K, 20% used [0x0000000082000000,0x00000000830d9448,0x0000000087400000)
 Metaspace       used 20635K, capacity 21072K, committed 21296K, reserved 1069056K
  class space    used 2463K, capacity 2594K, committed 2688K, reserved 1048576K
Event: 3.147 GC heap after
Heap after GC invocations=7 (full 0):
 PSYoungGen      total 144896K, used 8270K [0x00000000d6000000, 0x00000000dfb00000, 0x0000000100000000)
  eden space 131072K, 0% used [0x00000000d6000000,0x00000000d6000000,0x00000000de000000)
  from space 13824K, 59% used [0x00000000de000000,0x00000000de813be8,0x00000000ded80000)
  to   space 13824K, 0% used [0x00000000ded80000,0x00000000ded80000,0x00000000dfb00000)
 ParOldGen       total 86016K, used 18581K [0x0000000082000000, 0x0000000087400000, 0x00000000d6000000)
  object space 86016K, 21% used [0x0000000082000000,0x0000000083225508,0x0000000087400000)
 Metaspace       used 20635K, capacity 21072K, committed 21296K, reserved 1069056K
  class space    used 2463K, capacity 2594K, committed 2688K, reserved 1048576K
}
Event: 3.147 GC heap before
{Heap before GC invocations=8 (full 1):
 PSYoungGen      total 144896K, used 8270K [0x00000000d6000000, 0x00000000dfb00000, 0x0000000100000000)
  eden space 131072K, 0% used [0x00000000d6000000,0x00000000d6000000,0x00000000de000000)
  from space 13824K, 59% used [0x00000000de000000,0x00000000de813be8,0x00000000ded80000)
  to   space 13824K, 0% used [0x00000000ded80000,0x00000000ded80000,0x00000000dfb00000)
 ParOldGen       total 86016K, used 18581K [0x0000000082000000, 0x0000000087400000, 0x00000000d6000000)
  object space 86016K, 21% used [0x0000000082000000,0x0000000083225508,0x0000000087400000)
 Metaspace       used 20635K, capacity 21072K, committed 21296K, reserved 1069056K
  class space    used 2463K, capacity 2594K, committed 2688K, reserved 1048576K
Event: 3.212 GC heap after
Heap after GC invocations=8 (full 1):
 PSYoungGen      total 144896K, used 0K [0x00000000d6000000, 0x00000000dfb00000, 0x0000000100000000)
  eden space 131072K, 0% used [0x00000000d6000000,0x00000000d6000000,0x00000000de000000)
  from space 13824K, 0% used [0x00000000de000000,0x00000000de000000,0x00000000ded80000)
  to   space 13824K, 0% used [0x00000000ded80000,0x00000000ded80000,0x00000000dfb00000)
 ParOldGen       total 71168K, used 19862K [0x0000000082000000, 0x0000000086580000, 0x00000000d6000000)
  object space 71168K, 27% used [0x0000000082000000,0x0000000083365ae8,0x0000000086580000)
 Metaspace       used 20635K, capacity 21072K, committed 21296K, reserved 1069056K
  class space    used 2463K, capacity 2594K, committed 2688K, reserved 1048576K
}
Event: 5.186 GC heap before
{Heap before GC invocations=9 (full 1):
 PSYoungGen      total 144896K, used 131072K [0x00000000d6000000, 0x00000000dfb00000, 0x0000000100000000)
  eden space 131072K, 100% used [0x00000000d6000000,0x00000000de000000,0x00000000de000000)
  from space 13824K, 0% used [0x00000000de000000,0x00000000de000000,0x00000000ded80000)
  to   space 13824K, 0% used [0x00000000ded80000,0x00000000ded80000,0x00000000dfb00000)
 ParOldGen       total 71168K, used 19862K [0x0000000082000000, 0x0000000086580000, 0x00000000d6000000)
  object space 71168K, 27% used [0x0000000082000000,0x0000000083365ae8,0x0000000086580000)
 Metaspace       used 26847K, capacity 27498K, committed 27776K, reserved 1073152K
  class space    used 3186K, capacity 3365K, committed 3456K, reserved 1048576K
Event: 5.197 GC heap after
Heap after GC invocations=9 (full 1):
 PSYoungGen      total 144896K, used 13815K [0x00000000d6000000, 0x00000000dfb00000, 0x0000000100000000)
  eden space 131072K, 0% used [0x00000000d6000000,0x00000000d6000000,0x00000000de000000)
  from space 13824K, 99% used [0x00000000ded80000,0x00000000dfafdc80,0x00000000dfb00000)
  to   space 13824K, 0% used [0x00000000de000000,0x00000000de000000,0x00000000ded80000)
 ParOldGen       total 71168K, used 23172K [0x0000000082000000, 0x0000000086580000, 0x00000000d6000000)
  object space 71168K, 32% used [0x0000000082000000,0x00000000836a13f8,0x0000000086580000)
 Metaspace       used 26847K, capacity 27498K, committed 27776K, reserved 1073152K
  class space    used 3186K, capacity 3365K, committed 3456K, reserved 1048576K
}
Event: 6.145 GC heap before
{Heap before GC invocations=10 (full 1):
 PSYoungGen      total 144896K, used 144887K [0x00000000d6000000, 0x00000000dfb00000, 0x0000000100000000)
  eden space 131072K, 100% used [0x00000000d6000000,0x00000000de000000,0x00000000de000000)
  from space 13824K, 99% used [0x00000000ded80000,0x00000000dfafdc80,0x00000000dfb00000)
  to   space 13824K, 0% used [0x00000000de000000,0x00000000de000000,0x00000000ded80000)
 ParOldGen       total 71168K, used 23172K [0x0000000082000000, 0x0000000086580000, 0x00000000d6000000)
  object space 71168K, 32% used [0x0000000082000000,0x00000000836a13f8,0x0000000086580000)
 Metaspace       used 27894K, capacity 28598K, committed 28928K, reserved 1075200K
  class space    used 3282K, capacity 3495K, committed 3584K, reserved 1048576K
Event: 6.168 GC heap after
Heap after GC invocations=10 (full 1):
 PSYoungGen      total 144896K, used 13820K [0x00000000d6000000, 0x00000000e3a00000, 0x0000000100000000)
  eden space 131072K, 0% used [0x00000000d6000000,0x00000000d6000000,0x00000000de000000)
  from space 13824K, 99% used [0x00000000de000000,0x00000000ded7f020,0x00000000ded80000)
  to   space 21504K, 0% used [0x00000000e2500000,0x00000000e2500000,0x00000000e3a00000)
 ParOldGen       total 71168K, used 32970K [0x0000000082000000, 0x0000000086580000, 0x00000000d6000000)
  object space 71168K, 46% used [0x0000000082000000,0x0000000084032910,0x0000000086580000)
 Metaspace       used 27894K, capacity 28598K, committed 28928K, reserved 1075200K
  class space    used 3282K, capacity 3495K, committed 3584K, reserved 1048576K
}

